1569313121
INTERNAL_SUBSTATE_START
[{ "event" : "1"}]
1569313121
INTERNAL_SUBSTATE_START
[{ "event" : "3"}]
1569313135
INTERNAL_SUBSTATE_STOP
{ "event" : "3"}
1569313135
INTERNAL_SUBSTATE_STOP
{ "event" : "1"}
1569313171
INTERNAL_SUBSTATE_START
[{ "event" : "1"}]
1569313171
INTERNAL_SUBSTATE_START
[{ "event" : "3"}]
1569313209
INTERNAL_SUBSTATE_START
[{ "event" : "1"}]
1569313209
INTERNAL_SUBSTATE_START
[{ "event" : "3"}]
1569313223
INTERNAL_SUBSTATE_STOP
{ "event" : "3"}
1569313223
INTERNAL_SUBSTATE_STOP
{ "event" : "1"}
